2017-10-22 23:59:59,692 INFO 8458 [egg-logrotator] app logger reload: got log-reload message
2017-10-22 23:59:59,737 INFO 8458 [egg-schedule]: get message egg-schedule:/Users/tanker/Documents/Tanker/blog/blog-backend/node_modules/egg-logrotator/app/schedule/clean_log.js
2017-10-22 23:59:59,760 INFO 8458 [egg-logrotator] clean all log before 31 days
2017-10-22 23:59:59,760 INFO 8458 [egg-schedule] egg-schedule:/Users/tanker/Documents/Tanker/blog/blog-backend/node_modules/egg-logrotator/app/schedule/clean_log.js excute succeed, used 23ms
2017-10-23 09:55:45,422 INFO 89359 [egg:logger] init all loggers with options: {"dir":"/Users/tanker/Documents/Tanker/blog/blog-backend/logs/blog-backend","encoding":"utf8","env":"local","level":"INFO","consoleLevel":"INFO","disableConsoleAfterReady":false,"outputJSON":false,"buffer":true,"appLogName":"blog-backend-web.log","coreLogName":"egg-web.log","agentLogName":"egg-agent.log","errorLogName":"common-error.log","coreLogger":{"consoleLevel":"WARN"},"allowDebugAtProd":true,"type":"application"}
2017-10-23 09:55:45,887 INFO 89359 [egg-schedule]: register schedule egg-schedule:/Users/tanker/Documents/Tanker/blog/blog-backend/node_modules/egg-logrotator/app/schedule/clean_log.js
2017-10-23 09:55:45,887 INFO 89359 [egg-schedule]: register schedule egg-schedule:/Users/tanker/Documents/Tanker/blog/blog-backend/node_modules/egg-logrotator/app/schedule/rotate_by_file.js
2017-10-23 09:55:45,929 INFO 89359 [egg-mysql] connecting root@127.0.0.1:3306/blog
2017-10-23 09:55:49,151 INFO 89359 [egg-static] starting static serve /public/ -> /Users/tanker/Documents/Tanker/blog/blog-backend/app/public
2017-10-23 09:55:49,219 INFO 89359 [egg-security] use csrf middleware
2017-10-23 09:55:49,241 INFO 89359 [egg-security] use methodnoallow middleware
2017-10-23 09:55:49,277 INFO 89359 [egg-security] use noopen middleware
2017-10-23 09:55:49,284 INFO 89359 [egg-security] use nosniff middleware
2017-10-23 09:55:49,291 INFO 89359 [egg-security] use xssProtection middleware
2017-10-23 09:55:49,291 INFO 89359 [egg-security] use xframe middleware
2017-10-23 09:55:49,308 INFO 89359 [egg-security] use dta middleware
2017-10-23 09:55:49,308 INFO 89359 [egg-security] compose 7 middlewares into one security middleware
2017-10-23 09:55:49,801 INFO 89359 [egg-watcher:app] watcher start success
2017-10-23 09:55:49,962 INFO 89359 [egg-mysql] instance[0] status OK, rds currentTime: Mon Oct 23 2017 09:55:49 GMT+0800 (CST)
2017-10-23 10:14:38,166 INFO 1057 [egg:logger] init all loggers with options: {"dir":"/Users/tanker/Documents/Tanker/blog/blog-backend/logs/blog-backend","encoding":"utf8","env":"local","level":"INFO","consoleLevel":"INFO","disableConsoleAfterReady":false,"outputJSON":false,"buffer":true,"appLogName":"blog-backend-web.log","coreLogName":"egg-web.log","agentLogName":"egg-agent.log","errorLogName":"common-error.log","coreLogger":{"consoleLevel":"WARN"},"allowDebugAtProd":true,"type":"application"}
2017-10-23 10:14:38,356 INFO 1057 [egg-schedule]: register schedule egg-schedule:/Users/tanker/Documents/Tanker/blog/blog-backend/node_modules/egg-logrotator/app/schedule/clean_log.js
2017-10-23 10:14:38,356 INFO 1057 [egg-schedule]: register schedule egg-schedule:/Users/tanker/Documents/Tanker/blog/blog-backend/node_modules/egg-logrotator/app/schedule/rotate_by_file.js
2017-10-23 10:14:38,410 INFO 1057 [egg-mysql] connecting root@127.0.0.1:3306/blog
2017-10-23 10:14:40,145 INFO 1057 [egg-static] starting static serve /public/ -> /Users/tanker/Documents/Tanker/blog/blog-backend/app/public
2017-10-23 10:14:40,153 INFO 1057 [egg-security] use csrf middleware
2017-10-23 10:14:40,179 INFO 1057 [egg-security] use methodnoallow middleware
2017-10-23 10:14:40,181 INFO 1057 [egg-security] use noopen middleware
2017-10-23 10:14:40,188 INFO 1057 [egg-security] use nosniff middleware
2017-10-23 10:14:40,195 INFO 1057 [egg-security] use xssProtection middleware
2017-10-23 10:14:40,196 INFO 1057 [egg-security] use xframe middleware
2017-10-23 10:14:40,196 INFO 1057 [egg-security] use dta middleware
2017-10-23 10:14:40,196 INFO 1057 [egg-security] compose 7 middlewares into one security middleware
2017-10-23 10:14:40,338 INFO 1057 [egg-watcher:app] watcher start success
2017-10-23 10:14:40,381 INFO 1057 [egg-mysql] instance[0] status OK, rds currentTime: Mon Oct 23 2017 10:14:40 GMT+0800 (CST)
2017-10-23 10:41:41,701 INFO 3699 [egg:logger] init all loggers with options: {"dir":"/Users/tanker/Documents/Tanker/blog/blog-backend/logs/blog-backend","encoding":"utf8","env":"local","level":"INFO","consoleLevel":"INFO","disableConsoleAfterReady":false,"outputJSON":false,"buffer":true,"appLogName":"blog-backend-web.log","coreLogName":"egg-web.log","agentLogName":"egg-agent.log","errorLogName":"common-error.log","coreLogger":{"consoleLevel":"WARN"},"allowDebugAtProd":true,"type":"application"}
2017-10-23 10:41:41,834 INFO 3699 [egg-schedule]: register schedule egg-schedule:/Users/tanker/Documents/Tanker/blog/blog-backend/node_modules/egg-logrotator/app/schedule/clean_log.js
2017-10-23 10:41:41,834 INFO 3699 [egg-schedule]: register schedule egg-schedule:/Users/tanker/Documents/Tanker/blog/blog-backend/node_modules/egg-logrotator/app/schedule/rotate_by_file.js
2017-10-23 10:41:41,925 INFO 3699 [egg-mysql] connecting root@127.0.0.1:3306/blog
2017-10-23 10:41:43,140 INFO 3699 [egg-static] starting static serve /public/ -> /Users/tanker/Documents/Tanker/blog/blog-backend/app/public
2017-10-23 10:41:43,149 INFO 3699 [egg-security] use csrf middleware
2017-10-23 10:41:43,152 INFO 3699 [egg-security] use methodnoallow middleware
2017-10-23 10:41:43,155 INFO 3699 [egg-security] use noopen middleware
2017-10-23 10:41:43,161 INFO 3699 [egg-security] use nosniff middleware
2017-10-23 10:41:43,169 INFO 3699 [egg-security] use xssProtection middleware
2017-10-23 10:41:43,169 INFO 3699 [egg-security] use xframe middleware
2017-10-23 10:41:43,175 INFO 3699 [egg-security] use dta middleware
2017-10-23 10:41:43,175 INFO 3699 [egg-security] compose 7 middlewares into one security middleware
2017-10-23 10:41:43,280 INFO 3699 [egg-watcher:app] watcher start success
2017-10-23 10:41:43,283 INFO 3699 [egg-mysql] instance[0] status OK, rds currentTime: Mon Oct 23 2017 10:41:43 GMT+0800 (CST)
2017-10-23 15:38:07,097 INFO 32448 [egg:logger] init all loggers with options: {"dir":"/Users/tanker/Documents/Tanker/blog/blog-backend/logs/blog-backend","encoding":"utf8","env":"local","level":"INFO","consoleLevel":"INFO","disableConsoleAfterReady":false,"outputJSON":false,"buffer":true,"appLogName":"blog-backend-web.log","coreLogName":"egg-web.log","agentLogName":"egg-agent.log","errorLogName":"common-error.log","coreLogger":{"consoleLevel":"WARN"},"allowDebugAtProd":true,"type":"application"}
2017-10-23 15:38:07,392 INFO 32448 [egg-schedule]: register schedule egg-schedule:/Users/tanker/Documents/Tanker/blog/blog-backend/node_modules/egg-logrotator/app/schedule/clean_log.js
2017-10-23 15:38:07,392 INFO 32448 [egg-schedule]: register schedule egg-schedule:/Users/tanker/Documents/Tanker/blog/blog-backend/node_modules/egg-logrotator/app/schedule/rotate_by_file.js
2017-10-23 15:38:07,577 INFO 32448 [egg-mysql] connecting root@127.0.0.1:3306/blog
2017-10-23 15:38:08,670 INFO 32448 [egg-static] starting static serve /public/ -> /Users/tanker/Documents/Tanker/blog/blog-backend/app/public
2017-10-23 15:38:08,677 INFO 32448 [egg-security] use csrf middleware
2017-10-23 15:38:08,681 INFO 32448 [egg-security] use methodnoallow middleware
2017-10-23 15:38:08,683 INFO 32448 [egg-security] use noopen middleware
2017-10-23 15:38:08,690 INFO 32448 [egg-security] use nosniff middleware
2017-10-23 15:38:08,697 INFO 32448 [egg-security] use xssProtection middleware
2017-10-23 15:38:08,697 INFO 32448 [egg-security] use xframe middleware
2017-10-23 15:38:08,703 INFO 32448 [egg-security] use dta middleware
2017-10-23 15:38:08,703 INFO 32448 [egg-security] compose 7 middlewares into one security middleware
2017-10-23 15:38:08,834 INFO 32448 [egg-watcher:app] watcher start success
2017-10-23 15:38:08,838 INFO 32448 [egg-mysql] instance[0] status OK, rds currentTime: Mon Oct 23 2017 15:38:08 GMT+0800 (CST)
2017-10-23 15:38:44,677 INFO 32523 [egg:logger] init all loggers with options: {"dir":"/Users/tanker/Documents/Tanker/blog/blog-backend/logs/blog-backend","encoding":"utf8","env":"local","level":"INFO","consoleLevel":"INFO","disableConsoleAfterReady":false,"outputJSON":false,"buffer":true,"appLogName":"blog-backend-web.log","coreLogName":"egg-web.log","agentLogName":"egg-agent.log","errorLogName":"common-error.log","coreLogger":{"consoleLevel":"WARN"},"allowDebugAtProd":true,"type":"application"}
2017-10-23 15:38:44,841 INFO 32523 [egg-schedule]: register schedule egg-schedule:/Users/tanker/Documents/Tanker/blog/blog-backend/node_modules/egg-logrotator/app/schedule/clean_log.js
2017-10-23 15:38:44,841 INFO 32523 [egg-schedule]: register schedule egg-schedule:/Users/tanker/Documents/Tanker/blog/blog-backend/node_modules/egg-logrotator/app/schedule/rotate_by_file.js
2017-10-23 15:38:44,891 INFO 32523 [egg-mysql] connecting root@127.0.0.1:3306/blog
2017-10-23 15:38:45,667 INFO 32523 [egg-static] starting static serve /public/ -> /Users/tanker/Documents/Tanker/blog/blog-backend/app/public
2017-10-23 15:38:45,675 INFO 32523 [egg-security] use csrf middleware
2017-10-23 15:38:45,679 INFO 32523 [egg-security] use methodnoallow middleware
2017-10-23 15:38:45,682 INFO 32523 [egg-security] use noopen middleware
2017-10-23 15:38:45,688 INFO 32523 [egg-security] use nosniff middleware
2017-10-23 15:38:45,695 INFO 32523 [egg-security] use xssProtection middleware
2017-10-23 15:38:45,696 INFO 32523 [egg-security] use xframe middleware
2017-10-23 15:38:45,701 INFO 32523 [egg-security] use dta middleware
2017-10-23 15:38:45,701 INFO 32523 [egg-security] compose 7 middlewares into one security middleware
2017-10-23 15:38:45,795 INFO 32523 [egg-watcher:app] watcher start success
2017-10-23 15:38:45,797 INFO 32523 [egg-mysql] instance[0] status OK, rds currentTime: Mon Oct 23 2017 15:38:45 GMT+0800 (CST)
2017-10-23 15:40:41,689 INFO 32710 [egg:logger] init all loggers with options: {"dir":"/Users/tanker/Documents/Tanker/blog/blog-backend/logs/blog-backend","encoding":"utf8","env":"local","level":"INFO","consoleLevel":"INFO","disableConsoleAfterReady":false,"outputJSON":false,"buffer":true,"appLogName":"blog-backend-web.log","coreLogName":"egg-web.log","agentLogName":"egg-agent.log","errorLogName":"common-error.log","coreLogger":{"consoleLevel":"WARN"},"allowDebugAtProd":true,"type":"application"}
2017-10-23 15:40:41,855 INFO 32710 [egg-schedule]: register schedule egg-schedule:/Users/tanker/Documents/Tanker/blog/blog-backend/node_modules/egg-logrotator/app/schedule/clean_log.js
2017-10-23 15:40:41,855 INFO 32710 [egg-schedule]: register schedule egg-schedule:/Users/tanker/Documents/Tanker/blog/blog-backend/node_modules/egg-logrotator/app/schedule/rotate_by_file.js
2017-10-23 15:40:41,927 INFO 32710 [egg-mysql] connecting root@127.0.0.1:3306/blog
2017-10-23 15:40:42,762 INFO 32710 [egg-static] starting static serve /public/ -> /Users/tanker/Documents/Tanker/blog/blog-backend/app/public
2017-10-23 15:40:42,771 INFO 32710 [egg-security] use csrf middleware
2017-10-23 15:40:42,774 INFO 32710 [egg-security] use methodnoallow middleware
2017-10-23 15:40:42,776 INFO 32710 [egg-security] use noopen middleware
2017-10-23 15:40:42,783 INFO 32710 [egg-security] use nosniff middleware
2017-10-23 15:40:42,790 INFO 32710 [egg-security] use xssProtection middleware
2017-10-23 15:40:42,791 INFO 32710 [egg-security] use xframe middleware
2017-10-23 15:40:42,796 INFO 32710 [egg-security] use dta middleware
2017-10-23 15:40:42,796 INFO 32710 [egg-security] compose 7 middlewares into one security middleware
2017-10-23 15:40:42,904 INFO 32710 [egg-watcher:app] watcher start success
2017-10-23 15:40:42,906 INFO 32710 [egg-mysql] instance[0] status OK, rds currentTime: Mon Oct 23 2017 15:40:42 GMT+0800 (CST)
2017-10-23 15:41:25,467 INFO 32784 [egg:logger] init all loggers with options: {"dir":"/Users/tanker/Documents/Tanker/blog/blog-backend/logs/blog-backend","encoding":"utf8","env":"local","level":"INFO","consoleLevel":"INFO","disableConsoleAfterReady":false,"outputJSON":false,"buffer":true,"appLogName":"blog-backend-web.log","coreLogName":"egg-web.log","agentLogName":"egg-agent.log","errorLogName":"common-error.log","coreLogger":{"consoleLevel":"WARN"},"allowDebugAtProd":true,"type":"application"}
2017-10-23 15:41:25,577 INFO 32784 [egg-schedule]: register schedule egg-schedule:/Users/tanker/Documents/Tanker/blog/blog-backend/node_modules/egg-logrotator/app/schedule/clean_log.js
2017-10-23 15:41:25,577 INFO 32784 [egg-schedule]: register schedule egg-schedule:/Users/tanker/Documents/Tanker/blog/blog-backend/node_modules/egg-logrotator/app/schedule/rotate_by_file.js
2017-10-23 15:41:25,624 INFO 32784 [egg-mysql] connecting root@127.0.0.1:3306/blog
2017-10-23 15:41:26,138 INFO 32784 [egg-static] starting static serve /public/ -> /Users/tanker/Documents/Tanker/blog/blog-backend/app/public
2017-10-23 15:41:26,146 INFO 32784 [egg-security] use csrf middleware
2017-10-23 15:41:26,150 INFO 32784 [egg-security] use methodnoallow middleware
2017-10-23 15:41:26,152 INFO 32784 [egg-security] use noopen middleware
2017-10-23 15:41:26,159 INFO 32784 [egg-security] use nosniff middleware
2017-10-23 15:41:26,166 INFO 32784 [egg-security] use xssProtection middleware
2017-10-23 15:41:26,166 INFO 32784 [egg-security] use xframe middleware
2017-10-23 15:41:26,172 INFO 32784 [egg-security] use dta middleware
2017-10-23 15:41:26,172 INFO 32784 [egg-security] compose 7 middlewares into one security middleware
2017-10-23 15:41:26,267 INFO 32784 [egg-watcher:app] watcher start success
2017-10-23 15:41:26,269 INFO 32784 [egg-mysql] instance[0] status OK, rds currentTime: Mon Oct 23 2017 15:41:26 GMT+0800 (CST)
2017-10-23 15:44:00,769 INFO 33032 [egg:logger] init all loggers with options: {"dir":"/Users/tanker/Documents/Tanker/blog/blog-backend/logs/blog-backend","encoding":"utf8","env":"local","level":"INFO","consoleLevel":"INFO","disableConsoleAfterReady":false,"outputJSON":false,"buffer":true,"appLogName":"blog-backend-web.log","coreLogName":"egg-web.log","agentLogName":"egg-agent.log","errorLogName":"common-error.log","coreLogger":{"consoleLevel":"WARN"},"allowDebugAtProd":true,"type":"application"}
2017-10-23 15:44:00,972 INFO 33032 [egg-schedule]: register schedule egg-schedule:/Users/tanker/Documents/Tanker/blog/blog-backend/node_modules/egg-logrotator/app/schedule/clean_log.js
2017-10-23 15:44:00,972 INFO 33032 [egg-schedule]: register schedule egg-schedule:/Users/tanker/Documents/Tanker/blog/blog-backend/node_modules/egg-logrotator/app/schedule/rotate_by_file.js
2017-10-23 15:44:01,018 INFO 33032 [egg-mysql] connecting root@127.0.0.1:3306/blog
2017-10-23 15:44:01,742 INFO 33032 [egg-static] starting static serve /public/ -> /Users/tanker/Documents/Tanker/blog/blog-backend/app/public
2017-10-23 15:44:01,750 INFO 33032 [egg-security] use csrf middleware
2017-10-23 15:44:01,754 INFO 33032 [egg-security] use methodnoallow middleware
2017-10-23 15:44:01,757 INFO 33032 [egg-security] use noopen middleware
2017-10-23 15:44:01,763 INFO 33032 [egg-security] use nosniff middleware
2017-10-23 15:44:01,770 INFO 33032 [egg-security] use xssProtection middleware
2017-10-23 15:44:01,771 INFO 33032 [egg-security] use xframe middleware
2017-10-23 15:44:01,776 INFO 33032 [egg-security] use dta middleware
2017-10-23 15:44:01,776 INFO 33032 [egg-security] compose 7 middlewares into one security middleware
2017-10-23 15:44:01,945 INFO 33032 [egg-watcher:app] watcher start success
2017-10-23 15:44:01,947 INFO 33032 [egg-mysql] instance[0] status OK, rds currentTime: Mon Oct 23 2017 15:44:01 GMT+0800 (CST)
2017-10-23 15:46:14,497 INFO 33249 [egg:logger] init all loggers with options: {"dir":"/Users/tanker/Documents/Tanker/blog/blog-backend/logs/blog-backend","encoding":"utf8","env":"local","level":"INFO","consoleLevel":"INFO","disableConsoleAfterReady":false,"outputJSON":false,"buffer":true,"appLogName":"blog-backend-web.log","coreLogName":"egg-web.log","agentLogName":"egg-agent.log","errorLogName":"common-error.log","coreLogger":{"consoleLevel":"WARN"},"allowDebugAtProd":true,"type":"application"}
2017-10-23 15:46:14,621 INFO 33249 [egg-schedule]: register schedule egg-schedule:/Users/tanker/Documents/Tanker/blog/blog-backend/node_modules/egg-logrotator/app/schedule/clean_log.js
2017-10-23 15:46:14,621 INFO 33249 [egg-schedule]: register schedule egg-schedule:/Users/tanker/Documents/Tanker/blog/blog-backend/node_modules/egg-logrotator/app/schedule/rotate_by_file.js
2017-10-23 15:46:14,667 INFO 33249 [egg-mysql] connecting root@127.0.0.1:3306/blog
2017-10-23 15:46:15,225 INFO 33249 [egg-static] starting static serve /public/ -> /Users/tanker/Documents/Tanker/blog/blog-backend/app/public
2017-10-23 15:46:15,233 INFO 33249 [egg-security] use csrf middleware
2017-10-23 15:46:15,237 INFO 33249 [egg-security] use methodnoallow middleware
2017-10-23 15:46:15,240 INFO 33249 [egg-security] use noopen middleware
2017-10-23 15:46:15,246 INFO 33249 [egg-security] use nosniff middleware
2017-10-23 15:46:15,253 INFO 33249 [egg-security] use xssProtection middleware
2017-10-23 15:46:15,254 INFO 33249 [egg-security] use xframe middleware
2017-10-23 15:46:15,259 INFO 33249 [egg-security] use dta middleware
2017-10-23 15:46:15,259 INFO 33249 [egg-security] compose 7 middlewares into one security middleware
2017-10-23 15:46:15,374 INFO 33249 [egg-watcher:app] watcher start success
2017-10-23 15:46:15,377 INFO 33249 [egg-mysql] instance[0] status OK, rds currentTime: Mon Oct 23 2017 15:46:15 GMT+0800 (CST)
2017-10-23 15:50:59,473 INFO 33711 [egg:logger] init all loggers with options: {"dir":"/Users/tanker/Documents/Tanker/blog/blog-backend/logs/blog-backend","encoding":"utf8","env":"local","level":"INFO","consoleLevel":"INFO","disableConsoleAfterReady":false,"outputJSON":false,"buffer":true,"appLogName":"blog-backend-web.log","coreLogName":"egg-web.log","agentLogName":"egg-agent.log","errorLogName":"common-error.log","coreLogger":{"consoleLevel":"WARN"},"allowDebugAtProd":true,"type":"application"}
2017-10-23 15:50:59,613 INFO 33711 [egg-schedule]: register schedule egg-schedule:/Users/tanker/Documents/Tanker/blog/blog-backend/node_modules/egg-logrotator/app/schedule/clean_log.js
2017-10-23 15:50:59,613 INFO 33711 [egg-schedule]: register schedule egg-schedule:/Users/tanker/Documents/Tanker/blog/blog-backend/node_modules/egg-logrotator/app/schedule/rotate_by_file.js
2017-10-23 15:50:59,677 INFO 33711 [egg-mysql] connecting root@127.0.0.1:3306/blog
2017-10-23 15:51:00,302 INFO 33711 [egg-static] starting static serve /public/ -> /Users/tanker/Documents/Tanker/blog/blog-backend/app/public
2017-10-23 15:51:00,310 INFO 33711 [egg-security] use csrf middleware
2017-10-23 15:51:00,314 INFO 33711 [egg-security] use methodnoallow middleware
2017-10-23 15:51:00,316 INFO 33711 [egg-security] use noopen middleware
2017-10-23 15:51:00,323 INFO 33711 [egg-security] use nosniff middleware
2017-10-23 15:51:00,330 INFO 33711 [egg-security] use xssProtection middleware
2017-10-23 15:51:00,331 INFO 33711 [egg-security] use xframe middleware
2017-10-23 15:51:00,336 INFO 33711 [egg-security] use dta middleware
2017-10-23 15:51:00,336 INFO 33711 [egg-security] compose 7 middlewares into one security middleware
2017-10-23 15:51:00,459 INFO 33711 [egg-watcher:app] watcher start success
2017-10-23 15:51:00,461 INFO 33711 [egg-mysql] instance[0] status OK, rds currentTime: Mon Oct 23 2017 15:51:00 GMT+0800 (CST)
2017-10-24 09:48:23,779 INFO 70986 [egg:logger] init all loggers with options: {"dir":"/Users/tanker/Documents/Tanker/blog/blog-backend/logs/blog-backend","encoding":"utf8","env":"local","level":"INFO","consoleLevel":"INFO","disableConsoleAfterReady":false,"outputJSON":false,"buffer":true,"appLogName":"blog-backend-web.log","coreLogName":"egg-web.log","agentLogName":"egg-agent.log","errorLogName":"common-error.log","coreLogger":{"consoleLevel":"WARN"},"allowDebugAtProd":true,"type":"application"}
2017-10-24 09:48:24,263 INFO 70986 [egg-schedule]: register schedule egg-schedule:/Users/tanker/Documents/Tanker/blog/blog-backend/node_modules/egg-logrotator/app/schedule/clean_log.js
2017-10-24 09:48:24,263 INFO 70986 [egg-schedule]: register schedule egg-schedule:/Users/tanker/Documents/Tanker/blog/blog-backend/node_modules/egg-logrotator/app/schedule/rotate_by_file.js
2017-10-24 09:48:24,353 INFO 70986 [egg-mysql] connecting root@127.0.0.1:3306/blog
2017-10-24 09:48:26,362 INFO 70986 [egg-static] starting static serve /public/ -> /Users/tanker/Documents/Tanker/blog/blog-backend/app/public
2017-10-24 09:48:26,393 INFO 70986 [egg-security] use csrf middleware
2017-10-24 09:48:26,419 INFO 70986 [egg-security] use methodnoallow middleware
2017-10-24 09:48:26,443 INFO 70986 [egg-security] use noopen middleware
2017-10-24 09:48:26,472 INFO 70986 [egg-security] use nosniff middleware
2017-10-24 09:48:26,501 INFO 70986 [egg-security] use xssProtection middleware
2017-10-24 09:48:26,522 INFO 70986 [egg-security] use xframe middleware
2017-10-24 09:48:26,541 INFO 70986 [egg-security] use dta middleware
2017-10-24 09:48:26,541 INFO 70986 [egg-security] compose 7 middlewares into one security middleware
2017-10-24 09:48:26,814 INFO 70986 [egg-watcher:app] watcher start success
2017-10-24 09:48:26,864 INFO 70986 [egg-mysql] instance[0] status OK, rds currentTime: Tue Oct 24 2017 09:48:26 GMT+0800 (CST)
